<?xml version="1.0" encoding="UTF-8"?>
<coverage generated="1689642957110" clover="3.2.0">
  <project timestamp="1689642957111" name="All files">
    <metrics statements="36" coveredstatements="36" conditionals="8" coveredconditionals="8" methods="10" coveredmethods="10" elements="54" coveredelements="54" complexity="0" loc="36" ncloc="36" packages="1" files="6" classes="6"/>
    <file name="calculator.js" path="C:\xampp\htdocs\applications\microverse\curriculum\core-curriculum\My-exercises\IV. Jest\Jest-tests\Exercises\modules\calculator.js">
      <metrics statements="11" coveredstatements="11" conditionals="0" coveredconditionals="0" methods="5" coveredmethods="5"/>
      <line num="1" count="1" type="stmt"/>
      <line num="2" count="1" type="stmt"/>
      <line num="3" count="20" type="stmt"/>
      <line num="5" count="1" type="stmt"/>
      <line num="6" count="1" type="stmt"/>
      <line num="8" count="1" type="stmt"/>
      <line num="9" count="1" type="stmt"/>
      <line num="11" count="1" type="stmt"/>
      <line num="12" count="1" type="stmt"/>
      <line num="15" count="1" type="stmt"/>
      <line num="18" count="1" type="stmt"/>
    </file>
    <file name="capitalizeAllFirstLetters.js" path="C:\xampp\htdocs\applications\microverse\curriculum\core-curriculum\My-exercises\IV. Jest\Jest-tests\Exercises\modules\capitalizeAllFirstLetters.js">
      <metrics statements="9" coveredstatements="9" conditionals="2" coveredconditionals="2" methods="1" coveredmethods="1"/>
      <line num="1" count="1" type="stmt"/>
      <line num="3" count="2" type="stmt"/>
      <line num="4" count="2" type="stmt"/>
      <line num="6" count="2" type="cond" truecount="2" falsecount="0"/>
      <line num="7" count="1" type="stmt"/>
      <line num="11" count="1" type="stmt"/>
      <line num="15" count="4" type="stmt"/>
      <line num="18" count="1" type="stmt"/>
      <line num="20" count="1" type="stmt"/>
    </file>
    <file name="capitalizedFirstLetter.js" path="C:\xampp\htdocs\applications\microverse\curriculum\core-curriculum\My-exercises\IV. Jest\Jest-tests\Exercises\modules\capitalizedFirstLetter.js">
      <metrics statements="7" coveredstatements="7" conditionals="2" coveredconditionals="2" methods="1" coveredmethods="1"/>
      <line num="1" count="1" type="stmt"/>
      <line num="2" count="2" type="cond" truecount="2" falsecount="0"/>
      <line num="3" count="1" type="stmt"/>
      <line num="6" count="1" type="stmt"/>
      <line num="7" count="1" type="stmt"/>
      <line num="9" count="1" type="stmt"/>
      <line num="12" count="1" type="stmt"/>
    </file>
    <file name="count_length.js" path="C:\xampp\htdocs\applications\microverse\curriculum\core-curriculum\My-exercises\IV. Jest\Jest-tests\Exercises\modules\count_length.js">
      <metrics statements="2" coveredstatements="2" conditionals="0" coveredconditionals="0" methods="1" coveredmethods="1"/>
      <line num="2" count="1" type="stmt"/>
      <line num="7" count="1" type="stmt"/>
    </file>
    <file name="reverseStr.js" path="C:\xampp\htdocs\applications\microverse\curriculum\core-curriculum\My-exercises\IV. Jest\Jest-tests\Exercises\modules\reverseStr.js">
      <metrics statements="5" coveredstatements="5" conditionals="0" coveredconditionals="0" methods="1" coveredmethods="1"/>
      <line num="2" count="1" type="stmt"/>
      <line num="3" count="1" type="stmt"/>
      <line num="4" count="6" type="stmt"/>
      <line num="6" count="1" type="stmt"/>
      <line num="9" count="1" type="stmt"/>
    </file>
    <file name="str_length.js" path="C:\xampp\htdocs\applications\microverse\curriculum\core-curriculum\My-exercises\IV. Jest\Jest-tests\Exercises\modules\str_length.js">
      <metrics statements="2" coveredstatements="2" conditionals="4" coveredconditionals="4" methods="1" coveredmethods="1"/>
      <line num="2" count="3" type="cond" truecount="4" falsecount="0"/>
      <line num="6" count="1" type="stmt"/>
    </file>
  </project>
</coverage>
