TN:
SF:modules\calculator.js
FN:1,(anonymous_0)
FN:2,(anonymous_1)
FN:5,(anonymous_2)
FN:8,(anonymous_3)
FN:11,(anonymous_4)
FNF:5
FNH:5
FNDA:1,(anonymous_0)
FNDA:20,(anonymous_1)
FNDA:1,(anonymous_2)
FNDA:1,(anonymous_3)
FNDA:1,(anonymous_4)
DA:1,1
DA:2,1
DA:3,20
DA:5,1
DA:6,1
DA:8,1
DA:9,1
DA:11,1
DA:12,1
DA:15,1
DA:18,1
LF:11
LH:11
BRF:0
BRH:0
end_of_record
TN:
SF:modules\capitalizeAllFirstLetters.js
FN:1,(anonymous_0)
FNF:1
FNH:1
FNDA:2,(anonymous_0)
DA:1,1
DA:3,2
DA:4,2
DA:6,2
DA:7,1
DA:11,1
DA:15,4
DA:18,1
DA:20,1
LF:9
LH:9
BRDA:6,0,0,1
BRDA:6,0,1,1
BRF:2
BRH:2
end_of_record
TN:
SF:modules\capitalizedFirstLetter.js
FN:1,(anonymous_0)
FNF:1
FNH:1
FNDA:2,(anonymous_0)
DA:1,1
DA:2,2
DA:3,1
DA:6,1
DA:7,1
DA:9,1
DA:12,1
LF:7
LH:7
BRDA:2,0,0,1
BRDA:2,0,1,1
BRF:2
BRH:2
end_of_record
TN:
SF:modules\count_length.js
FN:1,count_str_length
FNF:1
FNH:1
FNDA:1,count_str_length
DA:2,1
DA:7,1
LF:2
LH:2
BRF:0
BRH:0
end_of_record
TN:
SF:modules\reverseStr.js
FN:1,reverseStr
FNF:1
FNH:1
FNDA:1,reverseStr
DA:2,1
DA:3,1
DA:4,6
DA:6,1
DA:9,1
LF:5
LH:5
BRF:0
BRH:0
end_of_record
TN:
SF:modules\str_length.js
FN:1,str_length
FNF:1
FNH:1
FNDA:3,str_length
DA:2,3
DA:6,1
LF:2
LH:2
BRDA:2,0,0,2
BRDA:2,0,1,1
BRDA:2,1,0,3
BRDA:2,1,1,3
BRF:4
BRH:4
end_of_record
